0:100  0:100  MemLog inited, TSC freq: 2494223453
0:100  0:000  CPU was calibrated with ACPI PM Timer
0:100  0:000  
0:100  0:000  Now is 15.4.2020,  9:37:0 (GMT)
0:100  0:000  Starting Clover revision: 5070 on American Megatrends EFI
0:100  0:000  Build with: [Args: -D NO_GRUB_DRIVERS_EMBEDDED | -D NO_GRUB_DRIVERS_EMBEDDED -D USE_LOW_EBDA -a X64 -b RELEASE -t XCODE8 -n 5 | OS: 10.14.6 | XCODE: 10.3]
0:100  0:000  SelfDevicePath=PciRoot(0x0)\Pci(0x1F,0x2)\Sata(0x4,0xFFFF,0x0)\HD(1,GPT,8B5FFBFB-802D-4C71-B11C-CEFBA2D07E7D,0x1000,0x1F3000) @C2188D98
0:100  0:000  SelfDirPath = \EFI\CLOVER
0:100  0:000  SimpleTextEx Status=Success
0:100  0:000  === [ Get Smbios ] ========================================
0:100  0:000  Type 16 Index = 0
0:100  0:000  Total Memory Slots Count = 4
0:100  0:000  Type 17 Index = 0
0:100  0:000  SmbiosTable.Type17->Speed = 1600MHz
0:100  0:000  SmbiosTable.Type17->Size = 4096MB
0:100  0:000  SmbiosTable.Type17->Bank/Device = BANK 0 ChannelA-DIMM0
0:100  0:000  SmbiosTable.Type17->Vendor = 1315
0:100  0:000  SmbiosTable.Type17->SerialNumber = 12997C65
0:100  0:000  SmbiosTable.Type17->PartNumber = CT51264BF160BJ.C8F
0:100  0:000  Type 17 Index = 1
0:100  0:000  Ignoring insane frequency value 0MHz
0:100  0:000  SmbiosTable.Type17->Speed = 0MHz
0:100  0:000  SmbiosTable.Type17->Size = 0MB
0:100  0:000  SmbiosTable.Type17->Bank/Device = BANK 1 ChannelA-DIMM1
0:100  0:000  SmbiosTable.Type17->Vendor = <null string>
0:100  0:000  SmbiosTable.Type17->SerialNumber = <null string>
0:100  0:000  SmbiosTable.Type17->PartNumber = <null string>
0:100  0:000  Type 17 Index = 2
0:100  0:000  SmbiosTable.Type17->Speed = 1600MHz
0:100  0:000  SmbiosTable.Type17->Size = 4096MB
0:100  0:000  SmbiosTable.Type17->Bank/Device = BANK 2 ChannelB-DIMM0
0:100  0:000  SmbiosTable.Type17->Vendor = Samsung
0:100  0:000  SmbiosTable.Type17->SerialNumber = 23022C15
0:100  0:000  SmbiosTable.Type17->PartNumber = M471B5273DH0-CK0  
0:100  0:000  Type 17 Index = 3
0:100  0:000  Ignoring insane frequency value 0MHz
0:100  0:000  SmbiosTable.Type17->Speed = 0MHz
0:100  0:000  SmbiosTable.Type17->Size = 0MB
0:100  0:000  SmbiosTable.Type17->Bank/Device = BANK 3 ChannelB-DIMM1
0:100  0:000  SmbiosTable.Type17->Vendor = <null string>
0:100  0:000  SmbiosTable.Type17->SerialNumber = <null string>
0:100  0:000  SmbiosTable.Type17->PartNumber = <null string>
0:100  0:000  Boot status=0
0:100  0:000  Running on: 'W65_67SB ' with board 'W65_67SB '
0:100  0:000  === [ GetCPUProperties ] ==================================
0:100  0:000  CPU Vendor = 756E6547 Model=306C3
0:100  0:000   The CPU supported SSE4.1
0:100  0:000  BrandString = Intel(R) Core(TM) i7-4710MQ CPU @ 2.50GHz
0:100  0:000   The CPU supported turbo
0:100  0:000  MSR 0x35               40008
0:100  0:000  MSR 0xE2 before patch 1E000405
0:100  0:000  MSR 0xCE              00080838_F3011900
0:100  0:000  corrected FLEX_RATIO = 40000
0:100  0:000  MSR 0x1B0             00000000
0:100  0:000  FSBFrequency = 100 MHz, DMI FSBFrequency = 100 MHz, Corrected FSBFrequency = 100 MHz
0:100  0:000  MaxDiv/MinDiv: 25.0/8
0:100  0:000  Turbo: 33/33/34/35
0:100  0:000  Features: 0xBFEBFBFF
0:100  0:000  Threads: 8
0:100  0:000  Cores: 4
0:100  0:000  FSB: 100 MHz
0:100  0:000  CPU: 2500 MHz
0:100  0:000  TSC: 2500 MHz
0:100  0:000  PIS: 100 MHz
0:100  0:000  ExternalClock: 25 MHz
0:100  0:000  === [ GetDevices ] ========================================
0:100  0:000  GOP found at: PciRoot(0x0)/Pci(0x2,0x0)/AcpiAdr(0x80013400)
0:100  0:000  PCI (00|00:00.00) : 8086 0C04 class=060000
0:100  0:000  PCI (00|00:01.00) : 8086 0C01 class=060400
0:100  0:000  PCI (00|01:00.00) : 10DE 1347 class=030200
0:100  0:000  PCI (00|00:02.00) : 8086 0416 class=030000
0:100  0:000   - GOP: Provided by device
0:100  0:000   - GFX: Model=Intel HD Graphics 4600 (Intel)
0:100  0:000  PCI (00|00:03.00) : 8086 0C0C class=040300
0:100  0:000  PCI (00|00:14.00) : 8086 8C31 class=0C0330
0:100  0:000  PCI (00|00:16.00) : 8086 8C3A class=078000
0:100  0:000  PCI (00|00:16.01) : FFFF FFFF class=FFFFFF
0:100  0:000  PCI (00|00:1A.00) : 8086 8C2D class=0C0320
0:100  0:000  PCI (00|00:1B.00) : 8086 8C20 class=040300
0:100  0:000  PCI (00|00:1C.00) : 8086 8C10 class=060400
0:100  0:000  PCI (00|00:1C.02) : 8086 8C14 class=060400
0:100  0:000  PCI (00|03:00.00) : 14E4 43B1 class=028000
0:100  0:000   - WIFI: Vendor=Broadcom
0:100  0:000  PCI (00|00:1C.03) : 8086 8C16 class=060400
0:100  0:000  PCI (00|04:00.00) : 10EC 5287 class=FF0000
0:100  0:000  PCI (00|04:00.01) : 10EC 8168 class=020000
0:100  0:000   - LAN: 0 Vendor=Realtek
0:100  0:000  PCI (00|00:1D.00) : 8086 8C26 class=0C0320
0:100  0:000  PCI (00|00:1F.00) : 8086 8C49 class=060100
0:100  0:000  PCI (00|00:1F.02) : 8086 8C03 class=010601
0:100  0:000  PCI (00|00:1F.03) : 8086 8C22 class=0C0500
0:100  0:000  PCI (00|00:1F.06) : FFFF FFFF class=FFFFFF
0:100  0:000  === [ GetDefaultSettings ] ================================
0:100  0:000  Clover load options size = 0 bytes
0:103  0:002  EFI\CLOVER\config.plist loaded: Success
0:132  0:029  === [ GetListOfThemes ] ===================================
0:134  0:001  - [00]: BLACKBC
0:135  0:001  - [01]: EMBEDDED
0:137  0:001  - [01]: RANDOM
0:138  0:001  === [ Found config plists ] ===============================
0:138  0:000  - config.plist
0:138  0:000  - configÑo,.plist
0:139  0:000  === [ GetEarlyUserSettings ] ==============================
0:139  0:000  timeout set to 1
0:139  0:000  Custom boot CUSTOM_BOOT_DISABLED (0x0)
0:139  0:000  KextsToPatch: 12 requested
0:139  0:000   - [00]: IOAHCIBlockStorage (NoLabel) :: BinPatch :: data len: 10
0:139  0:000   - [01]: AppleHDA (Patch-to-VT1802) :: BinPatch :: data len: 4
0:139  0:000   - patch disabled at config
0:139  0:000   - [02]: AppleIntelFramebufferAzul (Isolate IntelAccelerator HD4600 (10.11.6 & 10.12)) :: MatchOS: 10.12.x :: BinPatch :: data len: 7
0:139  0:000   - patch disabled at config
0:139  0:000   - [03]: AirPortBrcm4360 (AirPortBrcm4360 - fcvo) :: BinPatch :: data len: 8
0:139  0:000   - [04]: IOBluetoothFamily (10.11 BT4LE Handoff Hotspot) :: BinPatch :: data len: 8
0:139  0:000   - [05]: com.apple.driver.AppleIntelFramebufferAzul (Change VRAM 1536 -> 2048 for 0x0d260007) :: BinPatch :: data len: 20
0:139  0:000   - patch disabled at config
0:139  0:000   - [06]: com.apple.driver.usb.AppleUSBXHCI (USB Port limit patch 10.14 (credits FredWst)) :: BinPatch :: data len: 9
0:139  0:000   - [07]: com.apple.iokit.IOGraphicsFamily (Boot graphics glitch, 10.13 beta (based on denskop patch)) :: MatchOS: 10.13.x :: BinPatch :: data len: 5
0:139  0:000   - [08]: com.apple.iokit.IOUSBHostFamily (USB port limit patch #1/4 10.14.x modify by DalianSky (credit ydeng)) :: MatchOS: 10.14.x :: BinPatch :: data len: 4
0:139  0:000   - [09]: com.apple.iokit.IOUSBHostFamily (USB port limit patch #2/4 10.14.x modify by DalianSky (credit PMHeart)) :: MatchOS: 10.14.x :: BinPatch :: data len: 4
0:139  0:000   - [10]: com.apple.driver.usb.AppleUSBXHCI (USB Port limit patch #3/4 10.14.x modify by DalianSky (credit PMheart)) :: MatchOS: 10.14.x :: BinPatch :: data len: 4
0:139  0:000   - [11]: com.apple.driver.usb.AppleUSBXHCI (USB Port limit patch #4/4 10.14.x modify by DalianSky (credit PMheart)) :: MatchOS: 10.14.x :: BinPatch :: data len: 4
0:139  0:000  KernelToPatch: 1 requested
0:139  0:000   - [00]: MSR 0xE2 _xcpm_idle instant reboot(c) Pike R. Alpha :: MatchOS: 10.12.x :: data len: 8
0:139  0:000  Default theme: blackbc
0:139  0:000  Hiding entries with string BOOTX64.EFI
0:139  0:000  Hiding entries with string PRBOOT
0:139  0:000  === [ LoadDrivers ] =======================================
0:140  0:001  Loading SMCHelper-64.efi  status=Success
0:141  0:000  Loading DataHubDxe-64.efi  status=Success
0:156  0:014  Loading HFSPlus-64.efi  status=Success
0:156  0:000   - driver needs connecting
0:156  0:000  Loading NTFS-64.EFI  status=Success
0:158  0:001   - driver needs connecting
0:158  0:000  Loading OsxAptioFix2Drv-64.efi  status=Success
0:159  0:000  Loading PartitionDxe-64.efi  status=Success
0:159  0:000   - driver needs connecting
0:159  0:000  Loading ApfsDriverLoader-64.efi  status=Success
0:160  0:000   - driver needs connecting
0:160  0:000  4 drivers needs connecting ...
0:160  0:000  PlatformDriverOverrideProtocol not found. Installing ... Success
0:160  0:000  Partition driver loaded: 
0:160  0:000  HFS+ driver loaded
0:160  0:000  APFS driver loaded
0:160  0:000  Searching for invalid DiskIo BY_DRIVER connects: not found, all ok
0:279  0:119  === [ InitScreen ] ========================================
0:279  0:000  Console modes reported: 4, available modes:
0:279  0:000   - [01]: 80x25 (current mode)
0:279  0:000   - [02]: 80x50
0:279  0:000   - [03]: 100x31
0:279  0:000   - [04]: 240x56
0:279  0:000  SetScreenResolution: 1920x1080 - already set
0:279  0:000  reinit: self device path=PciRoot(0x0)\Pci(0x1F,0x2)\Sata(0x4,0xFFFF,0x0)\HD(1,GPT,8B5FFBFB-802D-4C71-B11C-CEFBA2D07E7D,0x1000,0x1F3000)
0:279  0:000  === [ GetMacAddress ] =====================================
0:279  0:000  MAC address of LAN #0= 80:FA:5B:2E:9B:14:
0:279  0:000  === [ ScanSPD ] ===========================================
0:279  0:000  Scanning SMBus [8086:8C22], mmio: 0xF7C19004, ioport: 0xF040, hostc: 0x11
0:298  0:018  Slot: 0 Type 24 4096MB 1600MHz Vendor=Crucial Technology PartNo=CT51264BF160BJ.C8F SerialNo=01020909070C0605
0:316  0:017  Slot: 2 Type 24 4096MB 1600MHz Vendor=Samsung PartNo=M471B5273DH0-CK0 SerialNo=02030002020C0105
0:316  0:000  === [ GetAcpiTablesList ] =================================
0:346  0:029  Get Acpi Tables List from RSDT:
0:346  0:000   - [00]: FACP  A M I len=132
0:346  0:000   - [01]: APIC  A M I len=146
0:346  0:000   - [02]: FPDT  A M I len=68
0:346  0:000   - [03]: ASF!   HCG len=165
0:346  0:000   - [04]: SSDT  PtidDevc len=3986
0:346  0:000   - [05]: SSDT  Cpu0Ist len=1337
0:346  0:000   - [06]: SSDT  CpuPm len=2776
0:346  0:000   - [07]: MCFG  A M I len=60
0:346  0:000   - [08]: HPET  A M I len=56
0:346  0:000   - [09]: SSDT  SataTabl len=789
0:346  0:000   - [10]: SSDT  SaSsdt  len=7239
0:346  0:000   - [11]: SSDT  SgPeg len=4325
0:346  0:000   - [12]: SSDT  OptTabl len=7478
0:346  0:000   - [13]: BGRT  A M I len=56
0:346  0:000  Calibrated TSC Frequency = 2494223453 = 2494MHz
0:346  0:000  === [ GetUserSettings ] ===================================
0:346  0:000  USB FixOwnership: yes
0:346  0:000  Dropping 2 tables:
0:346  0:000   - [00]: Drop table  signature="DMAR" (52414D44)
0:346  0:000           - set table: 52414D44,                0 to drop: no
0:346  0:000   - [01]: Drop table  signature="#MCF" (46434D23)
0:346  0:000           - set table: 46434D23,                0 to drop: no
0:346  0:000   - final DSDT Fix mask=00060010
0:346  0:000  PatchesDSDT: 14 requested
0:346  0:000   - [00]: (change EHC1 to EH01) lenToFind: 4, lenToReplace: 4, Target Bridge: <null string>
0:346  0:000   - [01]: (change EHC2 to EH02) lenToFind: 4, lenToReplace: 4, Target Bridge: <null string>
0:346  0:000   - [02]: (change XHCI to XHC) lenToFind: 4, lenToReplace: 4, Target Bridge: <null string>
0:346  0:000   - [03]: (change GFX0 to IGPU) lenToFind: 4, lenToReplace: 4, Target Bridge: <null string>
0:346  0:000   - [04]: (change SAT0 to SATA) lenToFind: 4, lenToReplace: 4, Target Bridge: <null string>
0:346  0:000   - [05]: (change LPC to LPCB) lenToFind: 4, lenToReplace: 4, Target Bridge: <null string>
0:346  0:000   - [06]: (Rename _DSM to XDSM) lenToFind: 4, lenToReplace: 4, Target Bridge: <null string>
0:346  0:000   - [07]: (Change _OSI to XOSI) lenToFind: 4, lenToReplace: 4, Target Bridge: <null string>
0:346  0:000   - [08]: (_REG to XREG) lenToFind: 5, lenToReplace: 5, Target Bridge: <null string>
0:346  0:000   - [09]: (SGOF to XGOF) lenToFind: 6, lenToReplace: 6, Target Bridge: <null string>
0:346  0:000   - [10]: (_INI to XINI) lenToFind: 10, lenToReplace: 10, Target Bridge: <null string>
0:346  0:000   - [11]: ( GPRW to XPRW) lenToFind: 5, lenToReplace: 5, Target Bridge: <null string>
0:346  0:000   - [12]: (change B0D3 to HDAU) lenToFind: 4, lenToReplace: 4, Target Bridge: <null string>
0:346  0:000   - [13]: (change AZAL to HDEF) lenToFind: 4, lenToReplace: 4, Target Bridge: <null string>
0:346  0:000  ResetAddr: 0xCF9
0:346  0:000  Calc ResetVal: 0x6
0:346  0:000  ResetVal: 0x6
0:346  0:000  smartUPS: present
0:346  0:000  Using ProductName from config: MacBookPro11,1
0:346  0:000  Using latest BiosVersion from clover
0:346  0:000  BiosVersion: MBP111.88Z.F000.B00.1906132059
0:346  0:000  BiosReleaseDate: 06/13/2019
0:346  0:000  Using EfiVersion from clover: 156.0.0.0.0
0:346  0:000  Using FirmwareFeatures from config: 0xE80FE137
0:346  0:000  Using FirmwareFeaturesMask from config: 0xFF1FFF3F
0:346  0:000  Board-ID set from config as Mac-27ADBB7B4CEE8E61
0:346  0:000  BoardType: 0xA
0:346  0:000  ChassisType: 0xA
0:346  0:000  QPI: 5000MHz
0:346  0:000  CpuType: 701
0:346  0:000  Converted CustomUUID 73AD2D01-8B39-D750-BB39-6D8CAE96B7D8
0:347  0:001  === [ Found DSDT tables ] =================================
0:517  0:170  === [ ScanVolumes ] =======================================
0:517  0:000  Found 17 volumes with blockIO
0:517  0:000  - [00]: Volume: PciRoot(0x0)\Pci(0x1F,0x2)\Sata(0x0,0xFFFF,0x0)
0:519  0:002  - [01]: Volume: PciRoot(0x0)\Pci(0x1F,0x2)\Sata(0x4,0xFFFF,0x0)
0:520  0:000  - [02]: Volume: PciRoot(0x0)\Pci(0x1F,0x2)\Sata(0x5,0xFFFF,0x0)
0:520  0:000  - [03]: Volume: PciRoot(0x0)\Pci(0x1F,0x2)\Sata(0x0,0xFFFF,0x0)\HD(1,GPT,46829663-C32C-4B6E-AEA6-BBC0D7549077,0x28,0xC800000)
0:521  0:000          Result of bootcode detection: bootable Windows (vista,win)
0:565  0:043  - [04]: Volume: PciRoot(0x0)\Pci(0x1F,0x2)\Sata(0x0,0xFFFF,0x0)\HD(2,GPT,C23550DE-8CF1-4478-BAAD-9D3120F7C39B,0xC800028,0x131E4490)
0:565  0:000          Result of bootcode detection: bootable Windows (vista,win)
0:584  0:019  - [05]: Volume: PciRoot(0x0)\Pci(0x1F,0x2)\Sata(0x0,0xFFFF,0x0)\HD(3,GPT,5E4CB76B-3DCF-4E1E-AFF9-B843FF169AC2,0x1F9E4800,0x4FFF800)
0:585  0:000          Result of bootcode detection: bootable Windows (vista,win)
0:598  0:013  - [06]: Volume: PciRoot(0x0)\Pci(0x1F,0x2)\Sata(0x0,0xFFFF,0x0)\HD(4,GPT,BAF88951-50B5-49EA-AE61-460609B0A39A,0x249E4000,0xC800800)
0:599  0:000          Result of bootcode detection: bootable Windows (vista,win)
0:612  0:013  - [07]: Volume: PciRoot(0x0)\Pci(0x1F,0x2)\Sata(0x0,0xFFFF,0x0)\HD(5,GPT,27935364-DB8D-47F9-850E-87B4F17E2EAF,0x311E4800,0x91A1800)
0:613  0:000          Result of bootcode detection: bootable Windows (vista,win)
0:613  0:000  - [08]: Volume: PciRoot(0x0)\Pci(0x1F,0x2)\Sata(0x4,0xFFFF,0x0)\HD(1,GPT,8B5FFBFB-802D-4C71-B11C-CEFBA2D07E7D,0x1000,0x1F3000)
0:614  0:000          Result of bootcode detection: bootable Windows (win)
0:619  0:005          This is SelfVolume !!
0:619  0:000  - [09]: Volume: PciRoot(0x0)\Pci(0x1F,0x2)\Sata(0x4,0xFFFF,0x0)\HD(2,GPT,D1D2E5E3-EDF6-4AC8-9EF7-79080E7AA38C,0x1F4000,0x40000)
0:619  0:000  - [10]: Volume: PciRoot(0x0)\Pci(0x1F,0x2)\Sata(0x4,0xFFFF,0x0)\HD(3,GPT,A6CC8FE1-313D-4A57-BCD8-06432C1B8D0C,0x234000,0x8278B38)
0:620  0:001  - [11]: Volume: PciRoot(0x0)\Pci(0x1F,0x2)\Sata(0x4,0xFFFF,0x0)\HD(4,GPT,868C0AB4-CE57-4BB9-A115-D6F2A36707C1,0x84AD000,0x585EE33)
0:621  0:000          Result of bootcode detection: bootable Windows (vista,win)
0:621  0:000  - [12]: Volume: PciRoot(0x0)\Pci(0x1F,0x2)\Sata(0x4,0xFFFF,0x0)\HD(5,GPT,CC63E56F-BC0C-4BED-A69D-068D986A311A,0xDD0C000,0x148800)
0:622  0:000          Result of bootcode detection: bootable Windows (vista,win)
0:622  0:000  - [13]: Volume: PciRoot(0x0)\Pci(0x1F,0x2)\Sata(0x4,0xFFFF,0x0)\HD(6,GPT,6AE600A4-E247-4C2B-8F2B-4457A3B100F1,0xDE55000,0x135F20)
0:623  0:000  - [14]: Volume: PciRoot(0x0)\Pci(0x1F,0x2)\Sata(0x5,0xFFFF,0x0)\HD(1,GPT,7C5B9910-1E80-4D75-B24A-46A997340C0B,0x28,0x64000)
0:623  0:000          Result of bootcode detection: bootable unknown (legacy)
0:629  0:005  - [15]: Volume: PciRoot(0x0)\Pci(0x1F,0x2)\Sata(0x5,0xFFFF,0x0)\HD(2,GPT,6D184099-5FCF-4443-89A5-EC87ACA840E6,0x64028,0x1BD8A540)
0:630  0:000  - [16]: Volume: PciRoot(0x0)\Pci(0x1F,0x2)\Sata(0x5,0xFFFF,0x0)\HD(3,GPT,EBF0D70E-0D30-4EBA-B50C-293172DE9613,0x1BDEE568,0x135F20)
0:630  0:000  No AudioIoProtocols, status=Not Found
0:630  0:000  === [ InitTheme ] =========================================
0:630  0:000  use daylight theme
0:633  0:003  Using theme 'blackbc' (EFI\CLOVER\themes\blackbc)
0:633  0:000  file sound read: sound.wav Not Found
0:634  0:001  Loading font from ThemeDir: Success
0:635  0:000  theme inited
0:635  0:000  Chosen theme blackbc
0:635  0:000  after NVRAM boot-args=keepsyms=1 -igfxbeta -lilubeta brcmfx-country=HK -alcbeta
0:635  0:000  === [ Dump SMC keys from NVRAM ] ==========================
0:635  0:000  found AppleSMC protocol
0:654  0:019  Registered 17 SMC keys
0:655  0:001  === [ ScanLoader ] ========================================
0:655  0:000  - [03]: 'ÕÅ'
0:655  0:000  - [04]: 'Dô'
0:655  0:000  - [05]: 'pn'
0:655  0:000  - [06]: 'vÉ'
0:655  0:000  - [07]: 'Õ'
0:655  0:000  - [08]: 'EFI'
0:663  0:007          AddLoaderEntry for Volume Name=EFI
0:675  0:012          AddLoaderEntry for Volume Name=EFI
0:675  0:000          skipped because entry is hidden
0:675  0:000  - [10]: 'CC'
0:676  0:000  - [11]: 'WW'
0:676  0:000  - [12]: ''
0:676  0:000  - [13]: 'Recovery HD'
0:676  0:000          AddLoaderEntry for Volume Name=Recovery HD
0:684  0:008  - [14]: 'EFI'
0:684  0:000  - [15]: 'ZZ'
0:690  0:005          AddLoaderEntry for Volume Name=ZZ
0:692  0:002      Check if volume Is Hibernated:
0:692  0:000      Check sleep image 'by signature':
0:697  0:005      read prefs \Library\Preferences\com.apple.PowerManagement.plist status=Success
0:697  0:000      using default sleep image name = \private\var\vm\sleepimage
0:701  0:004      no valid sleep image offset was found
0:701  0:000       sleepimage offset could not be acquired
0:701  0:000      hibernated: no - sign
0:704  0:002          AddLoaderEntry for Volume Name=ZZ
0:704  0:000          skipped because entry is hidden
0:704  0:000  - [16]: 'Recovery HD'
0:704  0:000          AddLoaderEntry for Volume Name=Recovery HD
0:706  0:001  === [ AddCustomTool ] =====================================
0:709  0:002  found tool \EFI\CLOVER\tools\Shell64U.efi
0:709  0:000  Checking EFI partition Volume 8 for Clover
0:709  0:000   Found Clover
0:715  0:005  === [ GetEfiBootDeviceFromNvram ] =========================
0:715  0:000   - found entry 2. 'Boot macOS from ZZ', Volume 'ZZ', DevicePath 'PciRoot(0x0)\Pci(0x1F,0x2)\Sata(0x5,0xFFFF,0x0)\HD(2,GPT,6D184099-5FCF-4443-89A5-EC87ACA840E6,0x64028,0x1BD8A540)\System\Library\CoreServices\boot.efii'
0:715  0:000  DefaultIndex=2 and MainMenu.EntryCount=10
0:779  0:064  GUI ready
